ExtremeDecisionTree:(提案手法)
score depth: 0 length: 30 mean: 0.527642933333 var: 0.0106353556062
score depth: 1 length: 30 mean: 0.5148958 var: 0.0118880239599
score depth: 2 length: 30 mean: 0.498275066667 var: 0.0121871617899
score depth: 3 length: 30 mean: 0.462094 var: 0.0116709931662
score depth: 4 length: 30 mean: 0.397400466667 var: 0.013827323805
score depth: 5 length: 30 mean: 0.355741166667 var: 0.0115163300915
score depth: 6 length: 30 mean: 0.322257466667 var: 0.00647025808725
score depth: 7 length: 30 mean: 0.302334233333 var: 0.00561294160231
score depth: 8 length: 30 mean: 0.2936452 var: 0.00482445575443
score depth: 9 length: 30 mean: 0.2847456 var: 0.00508211473477
score depth: 10 length: 30 mean: 0.286104433333 var: 0.00671506528345
score depth: 11 length: 30 mean: 0.274294733333 var: 0.00696826565646
score depth: 12 length: 30 mean: 0.271887666667 var: 0.00709875092422
score depth: 13 length: 30 mean: 0.276238066667 var: 0.0087690743988
score depth: 14 length: 30 mean: 0.2733372 var: 0.00898988743709
score depth: 15 length: 30 mean: 0.281154333333 var: 0.0101366765474
score depth: 16 length: 30 mean: 0.2815848 var: 0.0104140334286
score depth: 17 length: 30 mean: 0.281711666667 var: 0.00991763558936
score depth: 18 length: 30 mean: 0.2793824 var: 0.0102209407416
score depth: 19 length: 30 mean: 0.280882333333 var: 0.0103321959685
score depth: 20 length: 30 mean: 0.2807756 var: 0.0103370216602
score depth: 21 length: 30 mean: 0.280938 var: 0.0102942928691
score depth: 22 length: 30 mean: 0.280922766667 var: 0.0102985296983
score depth: 23 length: 30 mean: 0.2808634 var: 0.0103003121779
score depth: 24 length: 30 mean: 0.280859966667 var: 0.0102935248817
score depth: 25 length: 28 mean: 0.2807924 var: 0.0102883320612
score depth: 26 length: 27 mean: 0.280730666667 var: 0.0102759087766
score depth: 27 length: 22 mean: 0.280712533333 var: 0.0102783444849
score depth: 28 length: 20 mean: 0.280718633333 var: 0.0102781330439
score depth: 29 length: 15 mean: 0.280719033333 var: 0.0102778363098
score depth: 30 length: 9 mean: 0.280711333333 var: 0.0102778888117
score depth: 31 length: 5 mean: 0.280713866667 var: 0.0102775171247
score depth: 32 length: 3 mean: 0.280715366667 var: 0.0102771272345
score depth: 33 length: 3 mean: 0.280715533333 var: 0.0102771005335
score depth: 34 length: 1 mean: 0.280715433333 var: 0.0102771165539
score terminal mean: 0.280715433333 var: 0.0102771165539
depth mean: 29.4333333333 var: 6.11222222222
node mean: 5109.8 var: 329120.16

DecisionTree:(通常の決定木)
score depth: 0 length: 30 mean: 0.527642933333 var: 0.0106353556062
score depth: 1 length: 30 mean: 0.430350933333 var: 0.0155376258965
score depth: 2 length: 30 mean: 0.5005883 var: 0.0132471030254
score depth: 3 length: 30 mean: 0.468075766667 var: 0.0164810107902
score depth: 4 length: 30 mean: 0.4730859 var: 0.0166897164572
score depth: 5 length: 30 mean: 0.447311033333 var: 0.0145046158454
score depth: 6 length: 30 mean: 0.400731366667 var: 0.012210869866
score depth: 7 length: 30 mean: 0.3042861 var: 0.00965835308322
score depth: 8 length: 30 mean: 0.289688866667 var: 0.0101770942773
score depth: 9 length: 30 mean: 0.286215966667 var: 0.0097358035915
score depth: 10 length: 30 mean: 0.288672866667 var: 0.0103601889144
score depth: 11 length: 30 mean: 0.290353333333 var: 0.00979276330022
score depth: 12 length: 30 mean: 0.279023633333 var: 0.00881274889897
score depth: 13 length: 30 mean: 0.269587133333 var: 0.00784460467225
score depth: 14 length: 30 mean: 0.2691212 var: 0.00747185864789
score depth: 15 length: 30 mean: 0.2654164 var: 0.00690783678417
score depth: 16 length: 30 mean: 0.2561568 var: 0.00617517920489
score depth: 17 length: 30 mean: 0.253449566667 var: 0.00606245658071
score depth: 18 length: 30 mean: 0.251061 var: 0.0061453826796
score depth: 19 length: 30 mean: 0.253014 var: 0.00605894676007
score depth: 20 length: 30 mean: 0.2516951 var: 0.00601270596756
score depth: 21 length: 30 mean: 0.2524502 var: 0.00603808764143
score depth: 22 length: 30 mean: 0.251931733333 var: 0.00623063934506
score depth: 23 length: 30 mean: 0.2510971 var: 0.00637781073489
score depth: 24 length: 30 mean: 0.2536318 var: 0.00646719665396
score depth: 25 length: 30 mean: 0.252680466667 var: 0.00651677150878
score depth: 26 length: 30 mean: 0.252220033333 var: 0.00641671676637
score depth: 27 length: 30 mean: 0.254913133333 var: 0.00674403761872
score depth: 28 length: 30 mean: 0.254319266667 var: 0.0067434050828
score depth: 29 length: 30 mean: 0.253980533333 var: 0.00671731153465
score depth: 30 length: 30 mean: 0.254436 var: 0.00667558412287
score depth: 31 length: 30 mean: 0.2539925 var: 0.00669695417625
score depth: 32 length: 30 mean: 0.253999333333 var: 0.00672711723469
score depth: 33 length: 30 mean: 0.2533719 var: 0.00664916090756
score depth: 34 length: 30 mean: 0.252923366667 var: 0.0065399628755
score depth: 35 length: 30 mean: 0.253568733333 var: 0.0065329736684
score depth: 36 length: 30 mean: 0.253498733333 var: 0.00652835435193
score depth: 37 length: 30 mean: 0.253283766667 var: 0.00655847692871
score depth: 38 length: 30 mean: 0.253093966667 var: 0.0065674289155
score depth: 39 length: 30 mean: 0.253042 var: 0.00655892428593
score depth: 40 length: 30 mean: 0.2530152 var: 0.00655857907596
score depth: 41 length: 30 mean: 0.252986533333 var: 0.00655123754225
score depth: 42 length: 30 mean: 0.253482633333 var: 0.00662035516177
score depth: 43 length: 30 mean: 0.253320366667 var: 0.00659502702883
score depth: 44 length: 30 mean: 0.253305433333 var: 0.00659274531838
score depth: 45 length: 30 mean: 0.2533262 var: 0.00659597553009
score depth: 46 length: 21 mean: 0.253327266667 var: 0.00659592747333
score depth: 47 length: 21 mean: 0.253320666667 var: 0.00659488574556
score depth: 48 length: 11 mean: 0.253322366667 var: 0.0065948081065
score depth: 49 length: 11 mean: 0.253227 var: 0.0065806767828
score depth: 50 length: 4 mean: 0.2532268 var: 0.00658064691056
score depth: 51 length: 3 mean: 0.253231066667 var: 0.00658128442793
score depth: 52 length: 1 mean: 0.253231066667 var: 0.00658128442793
score depth: 53 length: 1 mean: 0.253231066667 var: 0.00658128442793
score depth: 54 length: 1 mean: 0.253231066667 var: 0.00658128442793
score depth: 55 length: 1 mean: 0.253231066667 var: 0.00658128442793
score depth: 56 length: 1 mean: 0.253231066667 var: 0.00658128442793
score depth: 57 length: 1 mean: 0.253231066667 var: 0.00658128442793
score depth: 58 length: 1 mean: 0.253231066667 var: 0.00658128442793
score depth: 59 length: 1 mean: 0.253231066667 var: 0.00658128442793
score terminal mean: 0.253231066667 var: 0.00658128442793
depth mean: 48.6333333333 var: 7.89888888889
node mean: 8398.73333333 var: 743748.195556

